<?xml version="1.0" encoding="UTF-8"?>
<testng-results ignored="0" total="2" passed="2" failed="0" skipped="0">
  <reporter-output>
  </reporter-output>
  <suite started-at="2023-09-05T14:09:30 CDT" name="Default suite" finished-at="2023-09-05T14:09:55 CDT" duration-ms="25580">
    <groups>
    </groups>
    <test started-at="2023-09-05T14:09:30 CDT" name="Default test" finished-at="2023-09-05T14:09:55 CDT" duration-ms="25580">
      <class name="page.objects.Home">
        <test-method is-config="true" signature="beforeTest()[pri:0, instance:page.objects.Home@4ac3c60d]" started-at="2023-09-05T14:09:30 CDT" name="beforeTest" finished-at="2023-09-05T14:09:43 CDT" duration-ms="13657" status="PASS">
          <reporter-output>
          </reporter-output>
        </test-method> <!-- beforeTest -->
        <test-method signature="login()[pri:0, instance:page.objects.Home@4ac3c60d]" started-at="2023-09-05T14:09:43 CDT" name="login" finished-at="2023-09-05T14:09:44 CDT" duration-ms="1032" status="PASS">
          <reporter-output>
          </reporter-output>
        </test-method> <!-- login -->
        <test-method signature="signIn()[pri:0, instance:page.objects.Home@4ac3c60d]" started-at="2023-09-05T14:09:44 CDT" name="signIn" finished-at="2023-09-05T14:09:55 CDT" duration-ms="10678" status="PASS">
          <reporter-output>
          </reporter-output>
        </test-method> <!-- signIn -->
        <test-method is-config="true" signature="afterTest()[pri:0, instance:page.objects.Home@4ac3c60d]" started-at="2023-09-05T14:09:55 CDT" name="afterTest" finished-at="2023-09-05T14:09:55 CDT" duration-ms="132" status="PASS">
          <reporter-output>
          </reporter-output>
        </test-method> <!-- afterTest -->
      </class> <!-- page.objects.Home -->
    </test> <!-- Default test -->
  </suite> <!-- Default suite -->
</testng-results>
